0 info it worked if it ends with ok
1 verbose cli [ 'C:\\Program Files\\nodejs\\\\node.exe',
1 verbose cli   'C:\\Program Files\\nodejs\\node_modules\\npm\\bin\\npm-cli.js',
1 verbose cli   'install',
1 verbose cli   '-save',
1 verbose cli   'git+https://github.com/eligrey/FileSaver.js' ]
2 info using npm@3.5.3
3 info using node@v0.12.2
4 silly loadCurrentTree Starting
5 silly install loadCurrentTree
6 silly install readLocalPackageData
7 silly fetchPackageMetaData git+https://github.com/eligrey/FileSaver.js
8 silly fetchOtherPackageData git+https://github.com/eligrey/FileSaver.js
9 silly cache add args [ 'git+https://github.com/eligrey/FileSaver.js', null ]
10 verbose cache add spec git+https://github.com/eligrey/FileSaver.js
11 silly cache add parsed spec { raw: 'git+https://github.com/eligrey/FileSaver.js',
11 silly cache add   scope: null,
11 silly cache add   name: null,
11 silly cache add   rawSpec: 'git+https://github.com/eligrey/FileSaver.js',
11 silly cache add   spec: 'git+https://github.com/eligrey/FileSaver.js.git',
11 silly cache add   type: 'hosted',
11 silly cache add   hosted:
11 silly cache add    { type: 'github',
11 silly cache add      ssh: 'git@github.com:eligrey/FileSaver.js.git',
11 silly cache add      sshUrl: 'git+ssh://git@github.com/eligrey/FileSaver.js.git',
11 silly cache add      httpsUrl: 'git+https://github.com/eligrey/FileSaver.js.git',
11 silly cache add      gitUrl: 'git://github.com/eligrey/FileSaver.js.git',
11 silly cache add      shortcut: 'github:eligrey/FileSaver.js',
11 silly cache add      directUrl: 'https://raw.githubusercontent.com/eligrey/FileSaver.js/master/package.json' } }
12 verbose addRemoteGit caching git+https://github.com/eligrey/FileSaver.js
13 verbose addRemoteGit git+https://github.com/eligrey/FileSaver.js.git is a repository hosted by github
14 silly tryClone cloning git+https://github.com/eligrey/FileSaver.js.git via git+https://github.com/eligrey/FileSaver.js.git
15 verbose tryClone git-https-github-com-eligrey-FileSaver-js-git-1127aa5f not in flight; caching
16 info git [ 'clone',
16 info git   '--template=C:\\Users\\conno_000\\AppData\\Roaming\\npm-cache\\_git-remotes\\_templates',
16 info git   '--mirror',
16 info git   'https://github.com/eligrey/FileSaver.js.git',
16 info git   'C:\\Users\\conno_000\\AppData\\Roaming\\npm-cache\\_git-remotes\\git-https-github-com-eligrey-FileSaver-js-git-1127aa5f' ]
17 verbose mirrorRemote git+https://github.com/eligrey/FileSaver.js.git git clone https://github.com/eligrey/FileSaver.js.git
18 verbose setPermissions git+https://github.com/eligrey/FileSaver.js.git skipping chownr on Windows
19 verbose resolveHead git+https://github.com/eligrey/FileSaver.js.git original treeish: master
20 info git [ 'rev-list', '-n1', 'master' ]
21 silly resolveHead git+https://github.com/eligrey/FileSaver.js.git resolved treeish: 230de7d1426d0d04abe782e0aed5800838892dd7
22 verbose resolveHead git+https://github.com/eligrey/FileSaver.js.git resolved Git URL: git+https://github.com/eligrey/FileSaver.js.git#230de7d1426d0d04abe782e0aed5800838892dd7
23 silly resolveHead Git working directory: C:\Users\CONNO_~1\AppData\Local\Temp\npm-14424-14b9ac8f\git-cache-3fec4bce\230de7d1426d0d04abe782e0aed5800838892dd7
24 info git [ 'clone',
24 info git   'C:\\Users\\conno_000\\AppData\\Roaming\\npm-cache\\_git-remotes\\git-https-github-com-eligrey-FileSaver-js-git-1127aa5f',
24 info git   'C:\\Users\\CONNO_~1\\AppData\\Local\\Temp\\npm-14424-14b9ac8f\\git-cache-3fec4bce\\230de7d1426d0d04abe782e0aed5800838892dd7' ]
25 verbose cloneResolved git+https://github.com/eligrey/FileSaver.js.git clone Cloning into 'C:\Users\CONNO_~1\AppData\Local\Temp\npm-14424-14b9ac8f\git-cache-3fec4bce\230de7d1426d0d04abe782e0aed5800838892dd7'...
25 verbose cloneResolved done.
26 info git [ 'checkout', '230de7d1426d0d04abe782e0aed5800838892dd7' ]
27 verbose checkoutTreeish git+https://github.com/eligrey/FileSaver.js.git checkout Note: checking out '230de7d1426d0d04abe782e0aed5800838892dd7'.
27 verbose checkoutTreeish
27 verbose checkoutTreeish You are in 'detached HEAD' state. You can look around, make experimental
27 verbose checkoutTreeish changes and commit them, and you can discard any commits you make in this
27 verbose checkoutTreeish state without impacting any branches by performing another checkout.
27 verbose checkoutTreeish
27 verbose checkoutTreeish If you want to create a new branch to retain commits you create, you may
27 verbose checkoutTreeish do so (now or later) by using -b with the checkout command again. Example:
27 verbose checkoutTreeish
27 verbose checkoutTreeish   git checkout -b <new-branch-name>
27 verbose checkoutTreeish
27 verbose checkoutTreeish HEAD is now at 230de7d... Merge pull request #184 from Hypercubed/patch-1
28 error addLocal Could not install C:\Users\CONNO_~1\AppData\Local\Temp\npm-14424-14b9ac8f\git-cache-3fec4bce\230de7d1426d0d04abe782e0aed5800838892dd7
29 silly fetchPackageMetaData Error: EISDIR, read
29 silly fetchPackageMetaData     at Error (native)
29 silly fetchPackageMetaData  error for git+https://github.com/eligrey/FileSaver.js { [Error: EISDIR, read] errno: -4068, code: 'EISDIR' }
30 silly rollbackFailedOptional Starting
31 silly rollbackFailedOptional Finishing
32 silly runTopLevelLifecycles Starting
33 silly runTopLevelLifecycles Finishing
34 silly install printInstalled
35 verbose stack Error: EISDIR, read
35 verbose stack     at Error (native)
36 verbose cwd C:\Users\conno_000\OneDrive\workspace\Web\WellDraw
37 error Windows_NT 6.3.9600
38 error argv "C:\\Program Files\\nodejs\\\\node.exe" "C:\\Program Files\\nodejs\\node_modules\\npm\\bin\\npm-cli.js" "install" "-save" "git+https://github.com/eligrey/FileSaver.js"
39 error node v0.12.2
40 error npm  v3.5.3
41 error code EISDIR
42 error errno -4068
43 error eisdir EISDIR, read
44 error eisdir This is most likely not a problem with npm itself
44 error eisdir and is related to npm not being able to find a package.json in
44 error eisdir a package you are trying to install.
45 verbose exit [ -4068, true ]
